<?xml version="1.0" encoding="UTF-8"?>
<testng-results ignored="0" total="1" passed="1" failed="0" skipped="0">
  <reporter-output>
  </reporter-output>
  <suite started-at="2022-03-29T18:13:26 CDT" name="Regression " finished-at="2022-03-29T18:13:34 CDT" duration-ms="7815">
    <groups>
    </groups>
    <test started-at="2022-03-29T18:13:26 CDT" name="AddContactTest" finished-at="2022-03-29T18:13:34 CDT" duration-ms="7815">
      <class name="test.AddContactTest">
        <test-method signature="validUSerShouldBeAbleToAddCustomerOnListCustomerPage(java.lang.String,java.lang.String,java.lang.String,java.lang.String,java.lang.String,java.lang.String,java.lang.String,java.lang.String,java.lang.String,java.lang.String,java.lang.String)[pri:0, instance:test.AddContactTest@63a12c68]" started-at="2022-03-29T18:13:26 CDT" name="validUSerShouldBeAbleToAddCustomerOnListCustomerPage" finished-at="2022-03-29T18:13:34 CDT" duration-ms="7794" status="PASS">
          <params>
            <param index="0">
              <value>
                <![CDATA[demo@techfios.com]]>
              </value>
            </param>
            <param index="1">
              <value>
                <![CDATA[abc123]]>
              </value>
            </param>
            <param index="2">
              <value>
                <![CDATA[TestNG]]>
              </value>
            </param>
            <param index="3">
              <value>
                <![CDATA[Techfios]]>
              </value>
            </param>
            <param index="4">
              <value>
                <![CDATA[testng@gmail.com]]>
              </value>
            </param>
            <param index="5">
              <value>
                <![CDATA[c231546]]>
              </value>
            </param>
            <param index="6">
              <value>
                <![CDATA[Techfios building]]>
              </value>
            </param>
            <param index="7">
              <value>
                <![CDATA[Carrolton]]>
              </value>
            </param>
            <param index="8">
              <value>
                <![CDATA[TX]]>
              </value>
            </param>
            <param index="9">
              <value>
                <![CDATA[a75081]]>
              </value>
            </param>
            <param index="10">
              <value>
                <![CDATA[United States]]>
              </value>
            </param>
          </params>
          <reporter-output>
          </reporter-output>
        </test-method> <!-- validUSerShouldBeAbleToAddCustomerOnListCustomerPage -->
      </class> <!-- test.AddContactTest -->
    </test> <!-- AddContactTest -->
  </suite> <!-- Regression  -->
</testng-results>
